<?xml version="1.0" encoding="UTF-8"?>
<!-- Generated by org.testng.reporters.JUnitXMLReporter -->
<testsuite hostname="AITACS12-PC" name="Default test" tests="3" failures="0" timestamp="8 Oct 2018 06:31:18 GMT" time="24.628" errors="0">
  <testcase name="testPageTitleSampleA" time="7.047" classname="Sample.TestA"/>
  <testcase name="testSampleThree" time="0.001" classname="Sample.TestA"/>
  <testcase name="testSampleTwo" time="0.001" classname="Sample.TestA"/>
</testsuite> <!-- Default test -->
