<?xml version="1.0" encoding="UTF-8"?>
<testng-results skipped="0" failed="0" total="7" passed="7">
  <reporter-output>
  </reporter-output>
  <suite name="Main Test Suite" duration-ms="67088" started-at="2018-10-08T09:01:07Z" finished-at="2018-10-08T09:02:14Z">
    <groups>
    </groups>
    <test name="TestNG Test Group" duration-ms="67088" started-at="2018-10-08T09:01:07Z" finished-at="2018-10-08T09:02:14Z">
      <class name="Example.TestB">
        <test-method status="PASS" signature="setUp()[pri:0, instance:Example.TestB@5c0369c4]" name="setUp" is-config="true" duration-ms="2645" started-at="2018-10-08T14:31:45Z" finished-at="2018-10-08T14:31:48Z">
          <reporter-output>
          </reporter-output>
        </test-method> <!-- setUp -->
        <test-method status="PASS" signature="setUp()[pri:0, instance:Example.TestB@5c0369c4]" name="setUp" is-config="true" duration-ms="4814" started-at="2018-10-08T14:31:48Z" finished-at="2018-10-08T14:31:53Z">
          <reporter-output>
          </reporter-output>
        </test-method> <!-- setUp -->
        <test-method status="PASS" signature="testPageTitleSampleB()[pri:0, instance:Example.TestB@5c0369c4]" name="testPageTitleSampleB" duration-ms="7540" started-at="2018-10-08T14:31:53Z" finished-at="2018-10-08T14:32:00Z">
          <reporter-output>
          </reporter-output>
        </test-method> <!-- testPageTitleSampleB -->
        <test-method status="PASS" signature="tearDown()[pri:0, instance:Example.TestB@5c0369c4]" name="tearDown" is-config="true" duration-ms="757" started-at="2018-10-08T14:32:00Z" finished-at="2018-10-08T14:32:01Z">
          <reporter-output>
          </reporter-output>
        </test-method> <!-- tearDown -->
        <test-method status="PASS" signature="setUp()[pri:0, instance:Example.TestB@5c0369c4]" name="setUp" is-config="true" duration-ms="3734" started-at="2018-10-08T14:32:01Z" finished-at="2018-10-08T14:32:05Z">
          <reporter-output>
          </reporter-output>
        </test-method> <!-- setUp -->
        <test-method status="PASS" signature="testSampleOne()[pri:0, instance:Example.TestB@5c0369c4]" name="testSampleOne" duration-ms="0" started-at="2018-10-08T14:32:05Z" finished-at="2018-10-08T14:32:05Z">
          <reporter-output>
          </reporter-output>
        </test-method> <!-- testSampleOne -->
        <test-method status="PASS" signature="tearDown()[pri:0, instance:Example.TestB@5c0369c4]" name="tearDown" is-config="true" duration-ms="1425" started-at="2018-10-08T14:32:05Z" finished-at="2018-10-08T14:32:06Z">
          <reporter-output>
          </reporter-output>
        </test-method> <!-- tearDown -->
        <test-method status="PASS" signature="setUp()[pri:0, instance:Example.TestB@5c0369c4]" name="setUp" is-config="true" duration-ms="2787" started-at="2018-10-08T14:32:06Z" finished-at="2018-10-08T14:32:09Z">
          <reporter-output>
          </reporter-output>
        </test-method> <!-- setUp -->
        <test-method status="PASS" signature="testSampleThree()[pri:0, instance:Example.TestB@5c0369c4]" name="testSampleThree" duration-ms="1" started-at="2018-10-08T14:32:09Z" finished-at="2018-10-08T14:32:09Z">
          <reporter-output>
          </reporter-output>
        </test-method> <!-- testSampleThree -->
        <test-method status="PASS" signature="tearDown()[pri:0, instance:Example.TestB@5c0369c4]" name="tearDown" is-config="true" duration-ms="820" started-at="2018-10-08T14:32:09Z" finished-at="2018-10-08T14:32:10Z">
          <reporter-output>
          </reporter-output>
        </test-method> <!-- tearDown -->
        <test-method status="PASS" signature="setUp()[pri:0, instance:Example.TestB@5c0369c4]" name="setUp" is-config="true" duration-ms="3990" started-at="2018-10-08T14:32:10Z" finished-at="2018-10-08T14:32:14Z">
          <reporter-output>
          </reporter-output>
        </test-method> <!-- setUp -->
        <test-method status="PASS" signature="testSampleTwo()[pri:0, instance:Example.TestB@5c0369c4]" name="testSampleTwo" duration-ms="0" started-at="2018-10-08T14:32:14Z" finished-at="2018-10-08T14:32:14Z">
          <reporter-output>
          </reporter-output>
        </test-method> <!-- testSampleTwo -->
        <test-method status="PASS" signature="tearDown()[pri:0, instance:Example.TestB@5c0369c4]" name="tearDown" is-config="true" duration-ms="750" started-at="2018-10-08T14:32:14Z" finished-at="2018-10-08T14:32:14Z">
          <reporter-output>
          </reporter-output>
        </test-method> <!-- tearDown -->
        <test-method status="PASS" signature="tearDown()[pri:0, instance:Example.TestB@5c0369c4]" name="tearDown" is-config="true" duration-ms="1" started-at="2018-10-08T14:32:14Z" finished-at="2018-10-08T14:32:14Z">
          <reporter-output>
          </reporter-output>
        </test-method> <!-- tearDown -->
      </class> <!-- Example.TestB -->
      <class name="Example.TestA">
        <test-method status="PASS" signature="setUp()[pri:0, instance:Example.TestA@763d9750]" name="setUp" is-config="true" duration-ms="19235" started-at="2018-10-08T14:31:07Z" finished-at="2018-10-08T14:31:27Z">
          <reporter-output>
          </reporter-output>
        </test-method> <!-- setUp -->
        <test-method status="PASS" signature="setUp()[pri:0, instance:Example.TestA@763d9750]" name="setUp" is-config="true" duration-ms="2549" started-at="2018-10-08T14:31:27Z" finished-at="2018-10-08T14:31:29Z">
          <reporter-output>
          </reporter-output>
        </test-method> <!-- setUp -->
        <test-method status="PASS" signature="testPageTitleSampleA()[pri:0, instance:Example.TestA@763d9750]" name="testPageTitleSampleA" duration-ms="6665" started-at="2018-10-08T14:31:29Z" finished-at="2018-10-08T14:31:36Z">
          <reporter-output>
          </reporter-output>
        </test-method> <!-- testPageTitleSampleA -->
        <test-method status="PASS" signature="tearDown()[pri:0, instance:Example.TestA@763d9750]" name="tearDown" is-config="true" duration-ms="727" started-at="2018-10-08T14:31:36Z" finished-at="2018-10-08T14:31:37Z">
          <reporter-output>
          </reporter-output>
        </test-method> <!-- tearDown -->
        <test-method status="PASS" signature="setUp()[pri:0, instance:Example.TestA@763d9750]" name="setUp" is-config="true" duration-ms="3418" started-at="2018-10-08T14:31:37Z" finished-at="2018-10-08T14:31:40Z">
          <reporter-output>
          </reporter-output>
        </test-method> <!-- setUp -->
        <test-method status="PASS" signature="testSampleThree()[pri:0, instance:Example.TestA@763d9750]" name="testSampleThree" duration-ms="0" started-at="2018-10-08T14:31:40Z" finished-at="2018-10-08T14:31:40Z">
          <reporter-output>
          </reporter-output>
        </test-method> <!-- testSampleThree -->
        <test-method status="PASS" signature="tearDown()[pri:0, instance:Example.TestA@763d9750]" name="tearDown" is-config="true" duration-ms="696" started-at="2018-10-08T14:31:40Z" finished-at="2018-10-08T14:31:41Z">
          <reporter-output>
          </reporter-output>
        </test-method> <!-- tearDown -->
        <test-method status="PASS" signature="setUp()[pri:0, instance:Example.TestA@763d9750]" name="setUp" is-config="true" duration-ms="3260" started-at="2018-10-08T14:31:41Z" finished-at="2018-10-08T14:31:44Z">
          <reporter-output>
          </reporter-output>
        </test-method> <!-- setUp -->
        <test-method status="PASS" signature="tearDown()[pri:0, instance:Example.TestA@763d9750]" name="tearDown" is-config="true" duration-ms="1255" started-at="2018-10-08T14:31:44Z" finished-at="2018-10-08T14:31:45Z">
          <reporter-output>
          </reporter-output>
        </test-method> <!-- tearDown -->
        <test-method status="PASS" signature="testSampleTwo()[pri:0, instance:Example.TestA@763d9750]" name="testSampleTwo" duration-ms="0" started-at="2018-10-08T14:31:44Z" finished-at="2018-10-08T14:31:44Z">
          <reporter-output>
          </reporter-output>
        </test-method> <!-- testSampleTwo -->
        <test-method status="PASS" signature="tearDown()[pri:0, instance:Example.TestA@763d9750]" name="tearDown" is-config="true" duration-ms="0" started-at="2018-10-08T14:31:45Z" finished-at="2018-10-08T14:31:45Z">
          <reporter-output>
          </reporter-output>
        </test-method> <!-- tearDown -->
      </class> <!-- Example.TestA -->
    </test> <!-- TestNG Test Group -->
  </suite> <!-- Main Test Suite -->
</testng-results>
