<?xml version="1.0" encoding="UTF-8"?>
<!-- Generated by org.testng.reporters.JUnitXMLReporter -->
<testsuite hostname="AITACS12-PC" name="TestNG Test Group" tests="7" failures="0" timestamp="8 Oct 2018 09:02:15 GMT" time="67.088" errors="0">
  <testcase name="testPageTitleSampleA" time="6.665" classname="Example.TestA"/>
  <testcase name="testSampleThree" time="0.0" classname="Example.TestA"/>
  <testcase name="testSampleTwo" time="0.0" classname="Example.TestA"/>
  <testcase name="testPageTitleSampleB" time="7.54" classname="Example.TestB"/>
  <testcase name="testSampleOne" time="0.0" classname="Example.TestB"/>
  <testcase name="testSampleThree" time="0.001" classname="Example.TestB"/>
  <testcase name="testSampleTwo" time="0.0" classname="Example.TestB"/>
</testsuite> <!-- TestNG Test Group -->
